0 info it worked if it ends with ok
1 verbose cli [ '/usr/local/Cellar/node/7.4.0/bin/node',
1 verbose cli   '/usr/local/bin/npm',
1 verbose cli   'publish',
1 verbose cli   './' ]
2 info using npm@4.0.5
3 info using node@v7.4.0
4 verbose publish [ './' ]
5 silly cache add args [ './', null ]
6 verbose cache add spec ./
7 silly cache add parsed spec Result {
7 silly cache add   raw: './',
7 silly cache add   scope: null,
7 silly cache add   escapedName: null,
7 silly cache add   name: null,
7 silly cache add   rawSpec: './',
7 silly cache add   spec: '/Users/subji/Example/Nodebb/nodebb-plugin-login-jwt',
7 silly cache add   type: 'directory' }
8 verbose addLocalDirectory /Users/subji/.npm/nodebb-plugin-login-jwt/0.1.69/package.tgz not in flight; packing
9 verbose correctMkdir /Users/subji/.npm correctMkdir not in flight; initializing
10 info lifecycle nodebb-plugin-login-jwt@0.1.69~prepublish: nodebb-plugin-login-jwt@0.1.69
11 silly lifecycle nodebb-plugin-login-jwt@0.1.69~prepublish: no script for prepublish, continuing
12 info lifecycle nodebb-plugin-login-jwt@0.1.69~prepare: nodebb-plugin-login-jwt@0.1.69
13 silly lifecycle nodebb-plugin-login-jwt@0.1.69~prepare: no script for prepare, continuing
14 verbose tar pack [ '/Users/subji/.npm/nodebb-plugin-login-jwt/0.1.69/package.tgz',
14 verbose tar pack   '/Users/subji/Example/Nodebb/nodebb-plugin-login-jwt' ]
15 verbose tarball /Users/subji/.npm/nodebb-plugin-login-jwt/0.1.69/package.tgz
16 verbose folder /Users/subji/Example/Nodebb/nodebb-plugin-login-jwt
17 verbose addLocalTarball adding from inside cache /Users/subji/.npm/nodebb-plugin-login-jwt/0.1.69/package.tgz
18 verbose correctMkdir /Users/subji/.npm correctMkdir not in flight; initializing
19 silly cache afterAdd nodebb-plugin-login-jwt@0.1.69
20 verbose afterAdd /Users/subji/.npm/nodebb-plugin-login-jwt/0.1.69/package/package.json not in flight; writing
21 verbose correctMkdir /Users/subji/.npm correctMkdir not in flight; initializing
22 verbose afterAdd /Users/subji/.npm/nodebb-plugin-login-jwt/0.1.69/package/package.json written
23 silly publish { name: 'nodebb-plugin-login-jwt',
23 silly publish   version: '0.1.69',
23 silly publish   description: 'Example plugin for login with jwt',
23 silly publish   main: 'none',
23 silly publish   scripts: { test: 'echo "Error: no test specified" && exit 1' },
23 silly publish   repository:
23 silly publish    { type: 'git',
23 silly publish      url: 'git+https://github.com/subji/nodebb-plugin-login-jwt.git' },
23 silly publish   author:
23 silly publish    { name: 'Jisub Park',
23 silly publish      email: 'qkrwlrjq@gmail.com',
23 silly publish      url: 'http://subji.github.io' },
23 silly publish   license: 'MIT',
23 silly publish   bugs: { url: 'https://github.com/subji/nodebb-plugin-login-jwt/issues' },
23 silly publish   homepage: 'https://github.com/subji/nodebb-plugin-login-jwt#readme',
23 silly publish   nbbpm: { compatibility: '~1.2.x' },
23 silly publish   dependencies: { jsonwebtoken: '^7.2.1', winston: '^2.3.0' },
23 silly publish   readme: '# nodebb-plugin-login-jwt',
23 silly publish   readmeFilename: 'README.md',
23 silly publish   gitHead: 'c64adb0302efe3383a2e4086ee5799dfa9600245',
23 silly publish   _id: 'nodebb-plugin-login-jwt@0.1.69',
23 silly publish   _shasum: '02c78d481d35f0c68dd0cf867052d9cca0380f8d',
23 silly publish   _from: '.' }
24 info lifecycle nodebb-plugin-login-jwt@0.1.69~prepublishOnly: nodebb-plugin-login-jwt@0.1.69
25 silly lifecycle nodebb-plugin-login-jwt@0.1.69~prepublishOnly: no script for prepublishOnly, continuing
26 verbose getPublishConfig undefined
27 silly mapToRegistry name nodebb-plugin-login-jwt
28 silly mapToRegistry using default registry
29 silly mapToRegistry registry https://registry.npmjs.org/
30 silly mapToRegistry data Result {
30 silly mapToRegistry   raw: 'nodebb-plugin-login-jwt',
30 silly mapToRegistry   scope: null,
30 silly mapToRegistry   escapedName: 'nodebb-plugin-login-jwt',
30 silly mapToRegistry   name: 'nodebb-plugin-login-jwt',
30 silly mapToRegistry   rawSpec: '',
30 silly mapToRegistry   spec: 'latest',
30 silly mapToRegistry   type: 'tag' }
31 silly mapToRegistry uri https://registry.npmjs.org/nodebb-plugin-login-jwt
32 verbose publish registryBase https://registry.npmjs.org/
33 silly publish uploading /Users/subji/.npm/nodebb-plugin-login-jwt/0.1.69/package.tgz
34 verbose request uri https://registry.npmjs.org/nodebb-plugin-login-jwt
35 verbose request sending authorization for write operation
36 info attempt registry request try #1 at 10:28:30
37 verbose request using bearer token for auth
38 verbose request id f695080de1488ef3
39 http request PUT https://registry.npmjs.org/nodebb-plugin-login-jwt
40 http 403 https://registry.npmjs.org/nodebb-plugin-login-jwt
41 verbose headers { 'content-type': 'application/json',
41 verbose headers   'cache-control': 'max-age=300',
41 verbose headers   'content-length': '96',
41 verbose headers   'accept-ranges': 'bytes',
41 verbose headers   date: 'Fri, 13 Jan 2017 01:28:30 GMT',
41 verbose headers   via: '1.1 varnish',
41 verbose headers   connection: 'keep-alive',
41 verbose headers   'x-served-by': 'cache-nrt6135-NRT',
41 verbose headers   'x-cache': 'MISS',
41 verbose headers   'x-cache-hits': '0',
41 verbose headers   'x-timer': 'S1484270910.726882,VS0,VE168',
41 verbose headers   vary: 'Accept-Encoding' }
42 verbose request invalidating /Users/subji/.npm/registry.npmjs.org/nodebb-plugin-login-jwt on PUT
43 error publish Failed PUT 403
44 verbose stack Error: "You cannot publish over the previously published version 0.1.69." : nodebb-plugin-login-jwt
44 verbose stack     at makeError (/usr/local/lib/node_modules/npm/node_modules/npm-registry-client/lib/request.js:302:12)
44 verbose stack     at CachingRegistryClient.<anonymous> (/usr/local/lib/node_modules/npm/node_modules/npm-registry-client/lib/request.js:290:14)
44 verbose stack     at Request._callback (/usr/local/lib/node_modules/npm/node_modules/npm-registry-client/lib/request.js:210:14)
44 verbose stack     at Request.self.callback (/usr/local/lib/node_modules/npm/node_modules/request/request.js:186:22)
44 verbose stack     at emitTwo (events.js:106:13)
44 verbose stack     at Request.emit (events.js:191:7)
44 verbose stack     at Request.<anonymous> (/usr/local/lib/node_modules/npm/node_modules/request/request.js:1081:10)
44 verbose stack     at emitOne (events.js:96:13)
44 verbose stack     at Request.emit (events.js:188:7)
44 verbose stack     at IncomingMessage.<anonymous> (/usr/local/lib/node_modules/npm/node_modules/request/request.js:1001:12)
45 verbose statusCode 403
46 verbose pkgid nodebb-plugin-login-jwt
47 verbose cwd /Users/subji/Example/Nodebb/nodebb-plugin-login-jwt
48 error Darwin 16.3.0
49 error argv "/usr/local/Cellar/node/7.4.0/bin/node" "/usr/local/bin/npm" "publish" "./"
50 error node v7.4.0
51 error npm  v4.0.5
52 error code E403
53 error "You cannot publish over the previously published version 0.1.69." : nodebb-plugin-login-jwt
54 error If you need help, you may report this error at:
54 error     <https://github.com/npm/npm/issues>
55 verbose exit [ 1, true ]
